#
# There is insufficient memory for the Java Runtime Environment to continue.
# Native memory allocation (mmap) failed to map 234881024 bytes for Failed to commit area from 0x0000000721e00000 to 0x000000072fe00000 of length 234881024.
# Possible reasons:
#   The system is out of physical RAM or swap space
#   The process is running with CompressedOops enabled, and the Java Heap may be blocking the growth of the native heap
# Possible solutions:
#   Reduce memory load on the system
#   Increase physical memory or swap space
#   Check if swap backing store is full
#   Decrease Java heap size (-Xmx/-Xms)
#   Decrease number of Java threads
#   Decrease Java thread stack sizes (-Xss)
#   Set larger code cache with -XX:ReservedCodeCacheSize=
# This output file may be truncated or incomplete.
#
#  Out of Memory Error (./open/src/hotspot/os/windows/os_windows.cpp:3273), pid=19188, tid=21864
#
# JRE version:  (11.0.10+8) (build )
# Java VM: Java HotSpot(TM) 64-Bit Server VM (11.0.10+8-LTS-162, mixed mode, sharing, tiered, compressed oops, g1 gc, windows-amd64)
# No core dump will be written. Minidumps are not enabled by default on client versions of Windows
#

---------------  S U M M A R Y ------------

Command Line: -javaagent:C:\Program Files\JetBrains\IntelliJ IDEA 2020.3\lib\idea_rt.jar=64627:C:\Program Files\JetBrains\IntelliJ IDEA 2020.3\bin -Dfile.encoding=UTF-8 com.example.Application

Host: AMD Ryzen 5 3550H with Radeon Vega Mobile Gfx  , 8 cores, 13G,  Windows 10 , 64 bit Build 19041 (10.0.19041.1202)
Time: Wed Oct 13 21:44:09 2021 Центральноевропейский (лето) elapsed time: 0.016872 seconds (0d 0h 0m 0s)

---------------  T H R E A D  ---------------

Current thread (0x0000020baf651000):  JavaThread "Unknown thread" [_thread_in_vm, id=21864, stack(0x000000ff66800000,0x000000ff66900000)]

Stack: [0x000000ff66800000,0x000000ff66900000]
Native frames: (J=compiled Java code, j=interpreted, Vv=VM code, C=native code)
V  [jvm.dll+0x613e6a]
V  [jvm.dll+0x74c1ff]
V  [jvm.dll+0x74d885]
V  [jvm.dll+0x74df03]
V  [jvm.dll+0x243b78]
V  [jvm.dll+0x61125a]
V  [jvm.dll+0x606165]
V  [jvm.dll+0x2f85fc]
V  [jvm.dll+0x2f8482]
V  [jvm.dll+0x2fd136]
V  [jvm.dll+0x33f6bf]
V  [jvm.dll+0x33f0f0]
V  [jvm.dll+0x2d5d08]
V  [jvm.dll+0x2d6e66]
V  [jvm.dll+0x727d17]
V  [jvm.dll+0x7295bf]
V  [jvm.dll+0x34c4a9]
V  [jvm.dll+0x70d6b0]
V  [jvm.dll+0x3b584f]
V  [jvm.dll+0x3b7951]
C  [jli.dll+0x520b]
C  [ucrtbase.dll+0x21bb2]
C  [KERNEL32.DLL+0x17034]
C  [ntdll.dll+0x52651]


---------------  P R O C E S S  ---------------

Threads class SMR info:
_java_thread_list=0x0000020bad44a3e0, length=0, elements={
}

Java Threads: ( => current thread )

Other Threads:
  0x0000020baf666000 GCTaskThread "GC Thread#0" [stack: 0x000000ff66900000,0x000000ff66a00000] [id=2008]
  0x0000020baf6b7000 ConcurrentGCThread "G1 Main Marker" [stack: 0x000000ff66a00000,0x000000ff66b00000] [id=22020]
  0x0000020baf6b9800 ConcurrentGCThread "G1 Conc#0" [stack: 0x000000ff66b00000,0x000000ff66c00000] [id=19708]

[error occurred during error reporting (printing all threads), id 0xc0000005, EXCEPTION_ACCESS_VIOLATION (0xc0000005) at pc=0x00007ffe978c4f57]

VM state:not at safepoint (not fully initialized)

VM Mutex/Monitor currently owned by a thread:  ([mutex/lock_event])
[0x0000020baf64d7a0] Heap_lock - owner thread: 0x0000020baf651000

Heap address: 0x0000000721e00000, size: 3554 MB, Compressed Oops mode: Non-zero based: 0x0000000721e00000
Narrow klass base: 0x0000000000000000, Narrow klass shift: 0

GC Heap History (0 events):
No events

Deoptimization events (0 events):
No events

Classes redefined (0 events):
No events

Internal exceptions (0 events):
No events

Events (0 events):
No events


Dynamic libraries:
0x00007ff702f00000 - 0x00007ff702f0f000 	C:\Program Files\Java\jdk-11.0.10\bin\java.exe
0x00007ffefa830000 - 0x00007ffefaa25000 	C:\Windows\SYSTEM32\ntdll.dll
0x00007ffefa300000 - 0x00007ffefa3be000 	C:\Windows\System32\KERNEL32.DLL
0x00007ffef83a0000 - 0x00007ffef8669000 	C:\Windows\System32\KERNELBASE.dll
0x00007ffef7f50000 - 0x00007ffef8050000 	C:\Windows\System32\ucrtbase.dll
0x00007ffeef760000 - 0x00007ffeef775000 	C:\Program Files\Java\jdk-11.0.10\bin\VCRUNTIME140.dll
0x00007ffeef740000 - 0x00007ffeef758000 	C:\Program Files\Java\jdk-11.0.10\bin\jli.dll
0x00007ffef92c0000 - 0x00007ffef936c000 	C:\Windows\System32\ADVAPI32.dll
0x00007ffef9170000 - 0x00007ffef920e000 	C:\Windows\System32\msvcrt.dll
0x00007ffef8de0000 - 0x00007ffef8e7b000 	C:\Windows\System32\sechost.dll
0x00007ffef8fb0000 - 0x00007ffef90da000 	C:\Windows\System32\RPCRT4.dll
0x00007ffefa420000 - 0x00007ffefa5c1000 	C:\Windows\System32\USER32.dll
0x00007ffedae40000 - 0x00007ffedb0da000 	C:\Windows\WinSxS\amd64_microsoft.windows.common-controls_6595b64144ccf1df_6.0.19041.1110_none_60b5254171f9507e\COMCTL32.dll
0x00007ffef8370000 - 0x00007ffef8392000 	C:\Windows\System32\win32u.dll
0x00007ffef9f70000 - 0x00007ffef9f9b000 	C:\Windows\System32\GDI32.dll
0x00007ffef81b0000 - 0x00007ffef82bb000 	C:\Windows\System32\gdi32full.dll
0x00007ffef8760000 - 0x00007ffef87fd000 	C:\Windows\System32\msvcp_win.dll
0x00007ffeef0e0000 - 0x00007ffeef0ea000 	C:\Windows\SYSTEM32\VERSION.dll
0x00007ffefa750000 - 0x00007ffefa780000 	C:\Windows\System32\IMM32.DLL
0x00007ffee2f00000 - 0x00007ffee2f9b000 	C:\Program Files\Java\jdk-11.0.10\bin\msvcp140.dll
0x00007ffe975e0000 - 0x00007ffe980db000 	C:\Program Files\Java\jdk-11.0.10\bin\server\jvm.dll
0x00007ffefa780000 - 0x00007ffefa788000 	C:\Windows\System32\PSAPI.DLL
0x00007ffeef0b0000 - 0x00007ffeef0d7000 	C:\Windows\SYSTEM32\WINMM.dll
0x00007ffed7a10000 - 0x00007ffed7a19000 	C:\Windows\SYSTEM32\WSOCK32.dll
0x00007ffef94c0000 - 0x00007ffef952b000 	C:\Windows\System32\WS2_32.dll
0x00007ffef6020000 - 0x00007ffef6032000 	C:\Windows\SYSTEM32\kernel.appcore.dll
0x00007ffeefe80000 - 0x00007ffeefe90000 	C:\Program Files\Java\jdk-11.0.10\bin\verify.dll
0x00007ffef5cc0000 - 0x00007ffef5ea4000 	C:\Windows\SYSTEM32\DBGHELP.DLL
0x00007ffedde00000 - 0x00007ffedde2c000 	C:\Windows\SYSTEM32\dbgcore.DLL
0x00007ffef86d0000 - 0x00007ffef8753000 	C:\Windows\System32\bcryptPrimitives.dll
0x00007ffee5730000 - 0x00007ffee5758000 	C:\Program Files\Java\jdk-11.0.10\bin\java.dll
0x00007ffee7aa0000 - 0x00007ffee7aaa000 	C:\Program Files\Java\jdk-11.0.10\bin\jimage.dll
0x00007ffef35e0000 - 0x00007ffef35ee000 	C:\Program Files\Java\jdk-11.0.10\bin\instrument.dll
0x00007ffee4650000 - 0x00007ffee4666000 	C:\Program Files\Java\jdk-11.0.10\bin\zip.dll

dbghelp: loaded successfully - version: 4.0.5 - missing functions: none
symbol engine: initialized successfully - sym options: 0x614 - pdb path: .;C:\Program Files\Java\jdk-11.0.10\bin;C:\Windows\SYSTEM32;C:\Windows\WinSxS\amd64_microsoft.windows.common-controls_6595b64144ccf1df_6.0.19041.1110_none_60b5254171f9507e;C:\Program Files\Java\jdk-11.0.10\bin\server

VM Arguments:
jvm_args: -javaagent:C:\Program Files\JetBrains\IntelliJ IDEA 2020.3\lib\idea_rt.jar=64627:C:\Program Files\JetBrains\IntelliJ IDEA 2020.3\bin -Dfile.encoding=UTF-8 
java_command: com.example.Application
java_class_path (initial): E:\inzynierka\Distributed-application\server\target\classes;C:\Users\cni4k\.ivy2\cache\org.scala-lang\scala-library\jars\scala-library-2.13.6.jar;C:\Users\cni4k\.ivy2\cache\org.scala-lang\scala-reflect\jars\scala-reflect-2.13.6.jar;C:\Users\cni4k\.ivy2\cache\org.scala-lang\scala-library\srcs\scala-library-2.13.6-sources.jar;C:\Users\cni4k\.m2\repository\org\scala-lang\scala-library\2.13.3\scala-library-2.13.3.jar;C:\Users\cni4k\.m2\repository\org\springframework\boot\spring-boot-starter-data-jpa\2.5.4\spring-boot-starter-data-jpa-2.5.4.jar;C:\Users\cni4k\.m2\repository\org\springframework\boot\spring-boot-starter-aop\2.5.4\spring-boot-starter-aop-2.5.4.jar;C:\Users\cni4k\.m2\repository\org\springframework\spring-aop\5.3.9\spring-aop-5.3.9.jar;C:\Users\cni4k\.m2\repository\org\aspectj\aspectjweaver\1.9.7\aspectjweaver-1.9.7.jar;C:\Users\cni4k\.m2\repository\org\springframework\boot\spring-boot-starter-jdbc\2.5.4\spring-boot-starter-jdbc-2.5.4.jar;C:\Users\cni4k\.m2\repository\com\zaxxer\HikariCP\4.0.3\HikariCP-4.0.3.jar;C:\Users\cni4k\.m2\repository\org\springframework\spring-jdbc\5.3.9\spring-jdbc-5.3.9.jar;C:\Users\cni4k\.m2\repository\jakarta\transaction\jakarta.transaction-api\1.3.3\jakarta.transaction-api-1.3.3.jar;C:\Users\cni4k\.m2\repository\jakarta\persistence\jakarta.persistence-api\2.2.3\jakarta.persistence-api-2.2.3.jar;C:\Users\cni4k\.m2\repository\org\hibernate\hibernate-core\5.4.32.Final\hibernate-core-5.4.32.Final.jar;C:\Users\cni4k\.m2\repository\org\jboss\logging\jboss-logging\3.4.2.Final\jboss-logging-3.4.2.Final.jar;C:\Users\cni4k\.m2\repository\org\javassist\javassist\3.27.0-GA\javassist-3.27.0-GA.jar;C:\Users\cni4k\.m2\repository\net\bytebuddy\byte-buddy\1.10.22\byte-buddy-1.10.22.jar;C:\Users\cni4k\.m2\repository\antlr\antlr\2.7.7\antlr-2.7.7.jar;C:\Users\cni4k\.m2\repository\org\jboss\jandex\2.2.3.Final\jandex-2.2.3.Final.jar;C:\Users\cni4k\.m2\repository\com\fasterxml\classmate\1.5.1\classmate-1.5.1.jar;C:\Users\c
Launcher Type: SUN_STANDARD

[Global flags]
     intx CICompilerCount                          = 4                                         {product} {ergonomic}
     uint ConcGCThreads                            = 2                                         {product} {ergonomic}
     uint G1ConcRefinementThreads                  = 8                                         {product} {ergonomic}
   size_t G1HeapRegionSize                         = 1048576                                   {product} {ergonomic}
    uintx GCDrainStackTargetSize                   = 64                                        {product} {ergonomic}
   size_t InitialHeapSize                          = 234881024                                 {product} {ergonomic}
   size_t MarkStackSize                            = 4194304                                   {product} {ergonomic}
   size_t MaxHeapSize                              = 3726639104                                {product} {ergonomic}
   size_t MinHeapDeltaBytes                        = 1048576                                   {product} {ergonomic}
    uintx NonNMethodCodeHeapSize                   = 5836300                                {pd product} {ergonomic}
    uintx NonProfiledCodeHeapSize                  = 122910970                              {pd product} {ergonomic}
    uintx ProfiledCodeHeapSize                     = 122910970                              {pd product} {ergonomic}
    uintx ReservedCodeCacheSize                    = 251658240                              {pd product} {ergonomic}
     bool SegmentedCodeCache                       = true                                      {product} {ergonomic}
     bool UseCompressedClassPointers               = true                                 {lp64_product} {ergonomic}
     bool UseCompressedOops                        = true                                 {lp64_product} {ergonomic}
     bool UseG1GC                                  = true                                      {product} {ergonomic}
     bool UseLargePagesIndividualAllocation        = false                                  {pd product} {ergonomic}

Logging:
Log output configuration:
 #0: stdout all=warning uptime,level,tags
 #1: stderr all=off uptime,level,tags

Environment Variables:
JAVA_HOME=C:\Program Files\Java\jdk-11.0.10
PATH=C:\Program Files\Common Files\Oracle\Java\javapath;C:\Windows\system32;C:\Windows;C:\Windows\System32\Wbem;C:\Windows\System32\WindowsPowerShell\v1.0\;C:\Windows\System32\OpenSSH\;C:\Program Files\nodejs\;C:\Program Files (x86)\NVIDIA Corporation\PhysX\Common;C:\Program Files\NVIDIA Corporation\NVIDIA NvDLISR;C:\Program Files\Git\cmd;C:\Program Files (x86)\Yarn\bin\;C:\Program Files (x86)\mingw-w64\i686-8.1.0-posix-dwarf-rt_v6-rev0\mingw32\bin;E:\MATLAB\bin;E:\putty\;E:\apache-maven-3.6.3\bin;C:\Users\cni4k\AppData\Local\Programs\Python\Python39\Scripts\;C:\Users\cni4k\AppData\Local\Programs\Python\Python39\;C:\Users\cni4k\.windows-build-tools\python27\;C:\Users\cni4k\AppData\Local\Microsoft\WindowsApps;E:\Microsoft VS Code\bin;C:\Users\cni4k\AppData\Roaming\npm;C:\Users\cni4k\AppData\Local\Yarn\bin;C:\Program Files\Java\jdk-11.0.10\bin;C:\Program Files\heroku\bin
USERNAME=cni4k
OS=Windows_NT
PROCESSOR_IDENTIFIER=AMD64 Family 23 Model 24 Stepping 1, AuthenticAMD



---------------  S Y S T E M  ---------------

OS: Windows 10 , 64 bit Build 19041 (10.0.19041.1202)

CPU:total 8 (initial active 8) (8 cores per cpu, 2 threads per core) family 23 model 24 stepping 1 microcode 0x0, cmov, cx8, fxsr, mmx, sse, sse2, sse3, ssse3, sse4.1, sse4.2, popcnt, avx, avx2, aes, clmul, mmxext, 3dnowpref, lzcnt, sse4a, ht, tsc, tscinvbit, tscinv, bmi1, bmi2, adx, s

Memory: 4k page, system-wide physical 14213M (952M free)
TotalPageFile size 26934M (AvailPageFile size 198M)
current process WorkingSet (physical memory assigned to process): 10M, peak: 10M
current process commit charge ("private bytes"): 60M, peak: 284M

vm_info: Java HotSpot(TM) 64-Bit Server VM (11.0.10+8-LTS-162) for windows-amd64 JRE (11.0.10+8-LTS-162), built on Dec  8 2020 16:32:57 by "mach5one" with MS VC++ 15.9 (VS2017)

END.
